<?xml version="1.0" encoding="UTF-8"?>
<!-- Generated by org.testng.reporters.JUnitReportReporter -->
<testsuite hostname="ayaansh" failures="0" tests="1" name="com.qa.TestMethod.TestMethodKey" time="5.148" errors="0" timestamp="2024-07-22T07:49:03 IST" skipped="0">
  <testcase classname="com.qa.TestMethod.TestMethodKey" name="test" time="5.148"/>
</testsuite> <!-- com.qa.TestMethod.TestMethodKey -->
