<?xml version="1.0" encoding="UTF-8"?>
<!-- Generated by org.testng.reporters.JUnitReportReporter -->
<testsuite hostname="ayaansh" failures="0" tests="1" name="com.qa.TestMethod.TestMethodKey" time="8.997" errors="0" timestamp="2024-07-22T19:06:56 IST" skipped="0">
  <testcase classname="com.qa.TestMethod.TestMethodKey" name="test" time="8.997"/>
</testsuite> <!-- com.qa.TestMethod.TestMethodKey -->
