<?xml version="1.0" encoding="UTF-8"?>
<!-- Generated by org.testng.reporters.JUnitReportReporter -->
<testsuite hostname="ayaansh" failures="0" tests="2" name="com.qa.TestMethod.TestMethodKey" time="29.094" errors="0" timestamp="2024-08-02T19:32:04 IST" skipped="0">
  <testcase classname="com.qa.TestMethod.TestMethodKey" name="startEngine1" time="19.306"/>
  <testcase classname="com.qa.TestMethod.TestMethodKey" name="startEngine2" time="9.788"/>
</testsuite> <!-- com.qa.TestMethod.TestMethodKey -->
